<?xml version="1.0" encoding="UTF-8"?>
<testng-results skipped="0" failed="1" total="2" passed="1">
  <reporter-output>
  </reporter-output>
  <suite name="Suite" duration-ms="21837" started-at="2016-11-07T13:47:52Z" finished-at="2016-11-07T13:48:13Z">
    <groups>
    </groups>
    <test name="Test" duration-ms="21837" started-at="2016-11-07T13:47:52Z" finished-at="2016-11-07T13:48:13Z">
      <class name="com.hrm.orange.test.AppTest">
        <test-method status="PASS" signature="beforeTest()[pri:0, instance:com.hrm.orange.test.AppTest@5579d6f9]" name="beforeTest" is-config="true" duration-ms="17" started-at="2016-11-07T19:17:52Z" finished-at="2016-11-07T19:17:52Z">
          <reporter-output>
          </reporter-output>
        </test-method> <!-- beforeTest -->
        <test-method status="PASS" signature="beforeClass()[pri:0, instance:com.hrm.orange.test.AppTest@5579d6f9]" name="beforeClass" is-config="true" duration-ms="0" started-at="2016-11-07T19:17:52Z" finished-at="2016-11-07T19:17:52Z">
          <reporter-output>
          </reporter-output>
        </test-method> <!-- beforeClass -->
        <test-method status="PASS" signature="VerifyLoginFailure()[pri:0, instance:com.hrm.orange.test.AppTest@5579d6f9]" name="VerifyLoginFailure" duration-ms="11572" started-at="2016-11-07T19:17:52Z" finished-at="2016-11-07T19:18:03Z">
          <reporter-output>
          </reporter-output>
        </test-method> <!-- VerifyLoginFailure -->
        <test-method status="PASS" signature="beforeMethod()[pri:0, instance:com.hrm.orange.test.AppTest@5579d6f9]" name="beforeMethod" is-config="true" duration-ms="0" started-at="2016-11-07T19:17:52Z" finished-at="2016-11-07T19:17:52Z">
          <reporter-output>
          </reporter-output>
        </test-method> <!-- beforeMethod -->
        <test-method status="PASS" signature="cleanUp(org.testng.ITestResult)[pri:0, instance:com.hrm.orange.test.AppTest@5579d6f9]" name="cleanUp" is-config="true" duration-ms="1" started-at="2016-11-07T19:18:03Z" finished-at="2016-11-07T19:18:03Z">
          <params>
            <param index="0">
              <value>
                <![CDATA[[TestResult name=VerifyLoginFailure status=SUCCESS method=AppTest.VerifyLoginFailure()[pri:0, instance:com.hrm.orange.test.AppTest@5579d6f9] output={null}]]]>
              </value>
            </param>
          </params>
          <reporter-output>
          </reporter-output>
        </test-method> <!-- cleanUp -->
        <test-method status="FAIL" signature="VerifyLoginSuccess()[pri:0, instance:com.hrm.orange.test.AppTest@5579d6f9]" name="VerifyLoginSuccess" duration-ms="10014" started-at="2016-11-07T19:18:03Z" finished-at="2016-11-07T19:18:13Z">
          <exception class="org.openqa.selenium.NoSuchElementException">
            <message>
              <![CDATA[Unable to locate element: {"method":"xpath","selector":"//h1[text()='Dashboard']"}
Command duration or timeout: 40 milliseconds
For documentation on this error, please visit: http://seleniumhq.org/exceptions/no_such_element.html
Build info: version: '2.52.0', revision: '4c2593cfc3689a7fcd7be52549167e5ccc93ad28', time: '2016-02-11 11:22:43'
System info: host: 'clogeny-PC', ip: '192.168.101.61', os.name: 'Windows 7', os.arch: 'amd64', os.version: '6.1', java.version: '1.7.0_79'
*** Element info: {Using=xpath, value=//h1[text()='Dashboard']}
Session ID: 30202804-5c49-4491-8084-5010b872c114
Driver info: org.openqa.selenium.firefox.FirefoxDriver
Capabilities [{platform=WINDOWS, acceptSslCerts=true, javascriptEnabled=true, cssSelectorsEnabled=true, databaseEnabled=true, browserName=firefox, handlesAlerts=true, nativeEvents=false, webStorageEnabled=true, rotatable=false, locationContextEnabled=true, applicationCacheEnabled=true, takesScreenshot=true, version=46.0}]]]>
            </message>
            <full-stacktrace>
              <![CDATA[org.openqa.selenium.NoSuchElementException: Unable to locate element: {"method":"xpath","selector":"//h1[text()='Dashboard']"}
Command duration or timeout: 40 milliseconds
For documentation on this error, please visit: http://seleniumhq.org/exceptions/no_such_element.html
Build info: version: '2.52.0', revision: '4c2593cfc3689a7fcd7be52549167e5ccc93ad28', time: '2016-02-11 11:22:43'
System info: host: 'clogeny-PC', ip: '192.168.101.61', os.name: 'Windows 7', os.arch: 'amd64', os.version: '6.1', java.version: '1.7.0_79'
*** Element info: {Using=xpath, value=//h1[text()='Dashboard']}
Session ID: 30202804-5c49-4491-8084-5010b872c114
Driver info: org.openqa.selenium.firefox.FirefoxDriver
Capabilities [{platform=WINDOWS, acceptSslCerts=true, javascriptEnabled=true, cssSelectorsEnabled=true, databaseEnabled=true, browserName=firefox, handlesAlerts=true, nativeEvents=false, webStorageEnabled=true, rotatable=false, locationContextEnabled=true, applicationCacheEnabled=true, takesScreenshot=true, version=46.0}]
	at sun.reflect.NativeConstructorAccessorImpl.newInstance0(Native Method)
	at sun.reflect.NativeConstructorAccessorImpl.newInstance(NativeConstructorAccessorImpl.java:57)
	at sun.reflect.DelegatingConstructorAccessorImpl.newInstance(DelegatingConstructorAccessorImpl.java:45)
	at java.lang.reflect.Constructor.newInstance(Constructor.java:526)
	at org.openqa.selenium.remote.ErrorHandler.createThrowable(ErrorHandler.java:206)
	at org.openqa.selenium.remote.ErrorHandler.throwIfResponseFailed(ErrorHandler.java:158)
	at org.openqa.selenium.remote.RemoteWebDriver.execute(RemoteWebDriver.java:678)
	at org.openqa.selenium.remote.RemoteWebDriver.findElement(RemoteWebDriver.java:363)
	at org.openqa.selenium.remote.RemoteWebDriver.findElementByXPath(RemoteWebDriver.java:500)
	at org.openqa.selenium.By$ByXPath.findElement(By.java:361)
	at org.openqa.selenium.remote.RemoteWebDriver.findElement(RemoteWebDriver.java:355)
	at com.hrm.orange.pages.Dashboard.GetDashboardText(Dashboard.java:26)
	at com.hrm.orange.test.AppTest.VerifyLoginSuccess(AppTest.java:36)
	at sun.reflect.NativeMethodAccessorImpl.invoke0(Native Method)
	at sun.reflect.NativeMethodAccessorImpl.invoke(NativeMethodAccessorImpl.java:57)
	at sun.reflect.DelegatingMethodAccessorImpl.invoke(DelegatingMethodAccessorImpl.java:43)
	at java.lang.reflect.Method.invoke(Method.java:606)
	at org.testng.internal.MethodInvocationHelper.invokeMethod(MethodInvocationHelper.java:85)
	at org.testng.internal.Invoker.invokeMethod(Invoker.java:639)
	at org.testng.internal.Invoker.invokeTestMethod(Invoker.java:816)
	at org.testng.internal.Invoker.invokeTestMethods(Invoker.java:1124)
	at org.testng.internal.TestMethodWorker.invokeTestMethods(TestMethodWorker.java:125)
	at org.testng.internal.TestMethodWorker.run(TestMethodWorker.java:108)
	at org.testng.TestRunner.privateRun(TestRunner.java:774)
	at org.testng.TestRunner.run(TestRunner.java:624)
	at org.testng.SuiteRunner.runTest(SuiteRunner.java:359)
	at org.testng.SuiteRunner.runSequentially(SuiteRunner.java:354)
	at org.testng.SuiteRunner.privateRun(SuiteRunner.java:312)
	at org.testng.SuiteRunner.run(SuiteRunner.java:261)
	at org.testng.SuiteRunnerWorker.runSuite(SuiteRunnerWorker.java:52)
	at org.testng.SuiteRunnerWorker.run(SuiteRunnerWorker.java:86)
	at org.testng.TestNG.runSuitesSequentially(TestNG.java:1215)
	at org.testng.TestNG.runSuitesLocally(TestNG.java:1140)
	at org.testng.TestNG.run(TestNG.java:1048)
	at org.testng.remote.RemoteTestNG.run(RemoteTestNG.java:112)
	at org.testng.remote.RemoteTestNG.initAndRun(RemoteTestNG.java:205)
	at org.testng.remote.RemoteTestNG.main(RemoteTestNG.java:176)
Caused by: org.openqa.selenium.NoSuchElementException: Unable to locate element: {"method":"xpath","selector":"//h1[text()='Dashboard']"}
For documentation on this error, please visit: http://seleniumhq.org/exceptions/no_such_element.html
Build info: version: '2.52.0', revision: '4c2593cfc3689a7fcd7be52549167e5ccc93ad28', time: '2016-02-11 11:22:43'
System info: host: 'clogeny-PC', ip: '192.168.101.61', os.name: 'Windows 7', os.arch: 'amd64', os.version: '6.1', java.version: '1.7.0_79'
Driver info: driver.version: unknown
	at <anonymous class>.FirefoxDriver.prototype.findElementInternal_(file:///C:/Users/clogeny/AppData/Local/Temp/anonymous8551533217938566847webdriver-profile/extensions/fxdriver@googlecode.com/components/driver-component.js:10723)
	at <anonymous class>.FirefoxDriver.prototype.findElement(file:///C:/Users/clogeny/AppData/Local/Temp/anonymous8551533217938566847webdriver-profile/extensions/fxdriver@googlecode.com/components/driver-component.js:10732)
	at <anonymous class>.DelayedCommand.prototype.executeInternal_/h(file:///C:/Users/clogeny/AppData/Local/Temp/anonymous8551533217938566847webdriver-profile/extensions/fxdriver@googlecode.com/components/command-processor.js:12614)
	at <anonymous class>.DelayedCommand.prototype.executeInternal_(file:///C:/Users/clogeny/AppData/Local/Temp/anonymous8551533217938566847webdriver-profile/extensions/fxdriver@googlecode.com/components/command-processor.js:12619)
	at <anonymous class>.DelayedCommand.prototype.execute/<(file:///C:/Users/clogeny/AppData/Local/Temp/anonymous8551533217938566847webdriver-profile/extensions/fxdriver@googlecode.com/components/command-processor.js:12561)
]]>
            </full-stacktrace>
          </exception> <!-- org.openqa.selenium.NoSuchElementException -->
          <reporter-output>
          </reporter-output>
        </test-method> <!-- VerifyLoginSuccess -->
        <test-method status="PASS" signature="beforeMethod()[pri:0, instance:com.hrm.orange.test.AppTest@5579d6f9]" name="beforeMethod" is-config="true" duration-ms="0" started-at="2016-11-07T19:18:03Z" finished-at="2016-11-07T19:18:03Z">
          <reporter-output>
          </reporter-output>
        </test-method> <!-- beforeMethod -->
        <test-method status="PASS" signature="cleanUp(org.testng.ITestResult)[pri:0, instance:com.hrm.orange.test.AppTest@5579d6f9]" name="cleanUp" is-config="true" duration-ms="1" started-at="2016-11-07T19:18:13Z" finished-at="2016-11-07T19:18:13Z">
          <params>
            <param index="0">
              <value>
                <![CDATA[[TestResult name=VerifyLoginSuccess status=FAILURE method=AppTest.VerifyLoginSuccess()[pri:0, instance:com.hrm.orange.test.AppTest@5579d6f9] output={null}]]]>
              </value>
            </param>
          </params>
          <reporter-output>
          </reporter-output>
        </test-method> <!-- cleanUp -->
        <test-method status="PASS" signature="afterClass()[pri:0, instance:com.hrm.orange.test.AppTest@5579d6f9]" name="afterClass" is-config="true" duration-ms="0" started-at="2016-11-07T19:18:13Z" finished-at="2016-11-07T19:18:13Z">
          <reporter-output>
          </reporter-output>
        </test-method> <!-- afterClass -->
        <test-method status="PASS" signature="afterTest()[pri:0, instance:com.hrm.orange.test.AppTest@5579d6f9]" name="afterTest" is-config="true" duration-ms="0" started-at="2016-11-07T19:18:13Z" finished-at="2016-11-07T19:18:13Z">
          <reporter-output>
          </reporter-output>
        </test-method> <!-- afterTest -->
      </class> <!-- com.hrm.orange.test.AppTest -->
    </test> <!-- Test -->
  </suite> <!-- Suite -->
</testng-results>
